<?xml version="1.0" encoding="UTF-8"?>
<testsuite xmlns:xsi="http://www.w3.org/2001/XMLSchema-instance" xsi:noNamespaceSchemaLocation="https://maven.apache.org/surefire/maven-surefire-plugin/xsd/surefire-test-report-3.0.xsd" version="3.0" name="com.mycompany.junit.miCoinSuite" time="0.03" tests="7" errors="0" skipped="0" failures="0">
  <properties>
    <property name="java.specification.version" value="17"/>
    <property name="sun.cpu.isalist" value="amd64"/>
    <property name="sun.jnu.encoding" value="Cp1252"/>
    <property name="java.class.path" value="C:\Users\Melina\Documents\NetBeansProjects\JUnit\target\test-classes;C:\Users\Melina\Documents\NetBeansProjects\JUnit\target\classes;C:\Users\Melina\.m2\repository\junit\junit\4.0\junit-4.0.jar;"/>
    <property name="java.vm.vendor" value="Oracle Corporation"/>
    <property name="sun.arch.data.model" value="64"/>
    <property name="user.variant" value=""/>
    <property name="java.vendor.url" value="https://java.oracle.com/"/>
    <property name="user.timezone" value="America/Buenos_Aires"/>
    <property name="os.name" value="Windows 10"/>
    <property name="java.vm.specification.version" value="17"/>
    <property name="user.country" value="AR"/>
    <property name="sun.java.launcher" value="SUN_STANDARD"/>
    <property name="sun.boot.library.path" value="C:\Program Files\Java\jdk-17\bin"/>
    <property name="sun.java.command" value="C:\Users\Melina\AppData\Local\Temp\surefire13459166946573112475\surefirebooter-20241118181606976_3.jar C:\Users\Melina\AppData\Local\Temp\surefire13459166946573112475 2024-11-18T18-16-06_841-jvmRun1 surefire-20241118181606976_1tmp surefire_0-20241118181606976_2tmp"/>
    <property name="jdk.debug" value="release"/>
    <property name="test" value="com.mycompany.junit.miCoinSuite"/>
    <property name="surefire.test.class.path" value="C:\Users\Melina\Documents\NetBeansProjects\JUnit\target\test-classes;C:\Users\Melina\Documents\NetBeansProjects\JUnit\target\classes;C:\Users\Melina\.m2\repository\junit\junit\4.0\junit-4.0.jar;"/>
    <property name="sun.cpu.endian" value="little"/>
    <property name="user.home" value="C:\Users\Melina"/>
    <property name="user.language" value="es"/>
    <property name="java.specification.vendor" value="Oracle Corporation"/>
    <property name="java.version.date" value="2023-10-17"/>
    <property name="java.home" value="C:\Program Files\Java\jdk-17"/>
    <property name="file.separator" value="\"/>
    <property name="basedir" value="C:\Users\Melina\Documents\NetBeansProjects\JUnit"/>
    <property name="java.vm.compressedOopsMode" value="Zero based"/>
    <property name="line.separator" value="&#10;"/>
    <property name="java.vm.specification.vendor" value="Oracle Corporation"/>
    <property name="java.specification.name" value="Java Platform API Specification"/>
    <property name="surefire.real.class.path" value="C:\Users\Melina\AppData\Local\Temp\surefire13459166946573112475\surefirebooter-20241118181606976_3.jar"/>
    <property name="user.script" value=""/>
    <property name="sun.management.compiler" value="HotSpot 64-Bit Tiered Compilers"/>
    <property name="java.runtime.version" value="17.0.9+11-LTS-201"/>
    <property name="user.name" value="Melina"/>
    <property name="path.separator" value=";"/>
    <property name="os.version" value="10.0"/>
    <property name="java.runtime.name" value="Java(TM) SE Runtime Environment"/>
    <property name="file.encoding" value="UTF-8"/>
    <property name="java.vm.name" value="Java HotSpot(TM) 64-Bit Server VM"/>
    <property name="maven.ext.class.path" value="C:\Program Files\NetBeans-19\netbeans\java\maven-nblib\netbeans-eventspy.jar"/>
    <property name="localRepository" value="C:\Users\Melina\.m2\repository"/>
    <property name="java.vendor.url.bug" value="https://bugreport.java.com/bugreport/"/>
    <property name="java.io.tmpdir" value="C:\Users\Melina\AppData\Local\Temp\"/>
    <property name="java.version" value="17.0.9"/>
    <property name="user.dir" value="C:\Users\Melina\Documents\NetBeansProjects\JUnit"/>
    <property name="os.arch" value="amd64"/>
    <property name="java.vm.specification.name" value="Java Virtual Machine Specification"/>
    <property name="sun.os.patch.level" value=""/>
    <property name="native.encoding" value="Cp1252"/>
    <property name="java.library.path" value="C:\Program Files\Java\jdk-17\bin;C:\Windows\Sun\Java\bin;C:\Windows\system32;C:\Windows;C:\Program Files (x86)\Common Files\Oracle\Java\javapath;C:\Program Files\Common Files\Oracle\Java\javapath;C:\Windows\system32;C:\Windows;C:\Windows\System32\Wbem;C:\Windows\System32\WindowsPowerShell\v1.0\;C:\Windows\System32\OpenSSH\;C:\Program Files (x86)\NVIDIA Corporation\PhysX\Common;C:\Program Files\dotnet\;C:\Program Files\NVIDIA Corporation\NVIDIA NvDLISR;C:\Program Files (x86)\dotnet\;C:\Program Files\nodejs\;C:\MinGW\bin;C:\Users\Melina\AppData\Local\Microsoft\WindowsApps;C:\Users\Melina\AppData\Local\GitHubDesktop\bin;C:\Users\Melina\AppData\Roaming\npm;f:\Programs\Microsoft VS Code\bin;C:\Users\Melina\AppData\Local\Programs\Git\cmd;."/>
    <property name="java.vm.info" value="mixed mode, sharing"/>
    <property name="java.vendor" value="Oracle Corporation"/>
    <property name="java.vm.version" value="17.0.9+11-LTS-201"/>
    <property name="sun.io.unicode.encoding" value="UnicodeLittle"/>
    <property name="java.class.version" value="61.0"/>
  </properties>
  <testcase name="test2" classname="com.mycompany.junit.ConversorTest" time="0.0">
    <system-out><![CDATA[Welcome to the jungle!!
Before()
test2
Prueba Finalizada!, campos en 0
]]></system-out>
  </testcase>
  <testcase name="test1" classname="com.mycompany.junit.ConversorTest" time="0.001">
    <system-out><![CDATA[Before()
test1
Prueba Finalizada!, campos en 0
]]></system-out>
  </testcase>
  <testcase name="cotizarCero" classname="com.mycompany.junit.cotizacionTest" time="0.0">
    <system-out><![CDATA[La operacion a finalizado!
]]></system-out>
  </testcase>
  <testcase name="testCotizarCero[0]" classname="com.mycompany.junit.dolaritosTest" time="0.001">
    <system-out><![CDATA[Before
TestCotizarCero
]]></system-out>
  </testcase>
  <testcase name="testCotizarCero[1]" classname="com.mycompany.junit.dolaritosTest" time="0.0">
    <system-out><![CDATA[Before
TestCotizarCero
]]></system-out>
  </testcase>
  <testcase name="testCotizarCero[2]" classname="com.mycompany.junit.dolaritosTest" time="0.001">
    <system-out><![CDATA[Before
TestCotizarCero
]]></system-out>
  </testcase>
  <testcase name="testCotizarCero[3]" classname="com.mycompany.junit.dolaritosTest" time="0.0">
    <system-out><![CDATA[Before
TestCotizarCero
]]></system-out>
  </testcase>
</testsuite>